2026-01-01 02:56:54.117 [info] [main] Log level: Info
2026-01-01 02:56:54.117 [info] [main] Validating found git in: "git"
2026-01-01 02:56:54.117 [info] [main] Using git "2.52.0" from "git"
2026-01-01 02:56:54.117 [info] [Model][doInitialScan] Initial repository scan started
2026-01-01 02:56:54.117 [info] > git rev-parse --show-toplevel [2ms]
2026-01-01 02:56:54.117 [info] > git rev-parse --show-toplevel [1ms]
2026-01-01 02:56:54.117 [info] > git rev-parse --show-toplevel [1ms]
2026-01-01 02:56:54.117 [info] > git rev-parse --show-toplevel [1ms]
2026-01-01 02:56:54.117 [info] > git rev-parse --show-toplevel [1ms]
2026-01-01 02:56:54.117 [info] [Model][doInitialScan] Initial repository scan completed - repositories (0), closed repositories (0), parent repositories (1), unsafe repositories (0)
2026-01-01 02:56:55.991 [info] > git rev-parse --show-toplevel [1ms]
2026-01-01 02:56:59.993 [info] > git rev-parse --show-toplevel [1ms]
2026-01-01 02:57:01.173 [info] > git rev-parse --show-toplevel [1ms]
2026-01-01 02:57:05.938 [info] > git rev-parse --show-toplevel [1ms]
2026-01-01 02:57:09.154 [info] > git rev-parse --show-toplevel [1ms]
2026-01-01 02:57:13.108 [info] > git rev-parse --show-toplevel [1ms]
2026-01-01 02:57:26.734 [info] > git rev-parse --show-toplevel [1ms]
2026-01-01 02:57:28.122 [info] > git rev-parse --show-toplevel [1ms]
2026-01-01 02:57:55.281 [info] > git rev-parse --show-toplevel [1ms]
2026-01-01 02:57:59.246 [info] > git rev-parse --show-toplevel [1ms]
2026-01-01 02:58:29.839 [info] > git rev-parse --show-toplevel [1ms]
2026-01-01 02:58:50.297 [info] > git rev-parse --show-toplevel [1ms]
2026-01-01 03:01:37.806 [info] > git rev-parse --show-toplevel [1ms]
2026-01-01 03:01:51.552 [info] > git rev-parse --show-toplevel [1ms]
2026-01-01 03:01:52.925 [info] > git rev-parse --show-toplevel [1ms]
2026-01-01 03:01:54.198 [info] > git rev-parse --show-toplevel [1ms]
2026-01-01 03:02:04.747 [info] > git rev-parse --show-toplevel [1ms]
2026-01-01 03:02:16.471 [info] > git rev-parse --show-toplevel [1ms]
2026-01-01 03:02:20.327 [info] > git rev-parse --show-toplevel [0ms]
2026-01-01 03:02:28.233 [info] > git rev-parse --show-toplevel [1ms]
2026-01-01 03:02:30.655 [info] > git rev-parse --show-toplevel [0ms]
2026-01-01 03:02:47.688 [info] > git rev-parse --show-toplevel [1ms]
2026-01-01 03:02:55.227 [info] > git rev-parse --show-toplevel [1ms]
2026-01-01 03:03:00.442 [info] > git rev-parse --show-toplevel [1ms]
2026-01-01 03:09:13.286 [info] > git rev-parse --show-toplevel [1ms]
2026-01-01 03:09:14.699 [info] > git rev-parse --show-toplevel [1ms]
2026-01-01 03:09:17.832 [info] > git rev-parse --show-toplevel [1ms]
2026-01-01 03:09:19.976 [info] > git rev-parse --show-toplevel [1ms]
2026-01-01 03:09:22.286 [info] > git rev-parse --show-toplevel [1ms]
2026-01-01 03:09:51.776 [info] > git rev-parse --show-toplevel [1ms]
2026-01-01 03:09:56.800 [info] > git rev-parse --show-toplevel [1ms]
2026-01-01 03:09:58.855 [info] > git rev-parse --show-toplevel [1ms]
