2026-01-01 14:14:09.332 [info] [main] Log level: Info
2026-01-01 14:14:09.332 [info] [main] Validating found git in: "git"
2026-01-01 14:14:09.332 [info] [main] Using git "2.52.0" from "git"
2026-01-01 14:14:09.332 [info] [Model][doInitialScan] Initial repository scan started
2026-01-01 14:14:09.332 [info] > git rev-parse --show-toplevel [6ms]
2026-01-01 14:14:09.332 [info] > git rev-parse --show-toplevel [1ms]
2026-01-01 14:14:09.332 [info] > git rev-parse --show-toplevel [1ms]
2026-01-01 14:14:09.332 [info] > git rev-parse --show-toplevel [1ms]
2026-01-01 14:14:09.332 [info] > git rev-parse --show-toplevel [0ms]
2026-01-01 14:14:09.332 [info] [Model][doInitialScan] Initial repository scan completed - repositories (0), closed repositories (0), parent repositories (1), unsafe repositories (0)
2026-01-01 14:14:09.332 [info] > git rev-parse --show-toplevel [1ms]
2026-01-01 14:14:09.378 [info] > git rev-parse --show-toplevel [1ms]
2026-01-01 14:14:09.420 [info] > git rev-parse --show-toplevel [1ms]
2026-01-01 14:14:09.444 [info] > git rev-parse --show-toplevel [1ms]
2026-01-01 14:14:11.282 [info] > git rev-parse --show-toplevel [0ms]
2026-01-01 14:14:16.356 [info] > git rev-parse --show-toplevel [1ms]
2026-01-01 14:14:20.416 [info] > git rev-parse --show-toplevel [1ms]
2026-01-01 14:14:33.827 [info] > git rev-parse --show-toplevel [1ms]
2026-01-01 14:15:49.047 [info] > git rev-parse --show-toplevel [1ms]
2026-01-01 14:20:18.098 [info] > git rev-parse --show-toplevel [1ms]
2026-01-01 14:20:27.045 [info] > git rev-parse --show-toplevel [1ms]
2026-01-01 14:20:30.824 [info] > git rev-parse --show-toplevel [1ms]
2026-01-01 14:21:45.030 [info] > git rev-parse --show-toplevel [1ms]
2026-01-01 14:21:50.793 [info] > git rev-parse --show-toplevel [1ms]
2026-01-01 14:22:49.373 [info] > git rev-parse --show-toplevel [1ms]
2026-01-01 14:22:52.885 [info] > git rev-parse --show-toplevel [1ms]
2026-01-01 14:22:59.652 [info] > git rev-parse --show-toplevel [1ms]
2026-01-01 14:23:43.632 [info] > git rev-parse --show-toplevel [1ms]
2026-01-01 14:51:51.180 [info] > git rev-parse --show-toplevel [1ms]
2026-01-01 14:55:37.113 [info] > git rev-parse --show-toplevel [1ms]
2026-01-01 14:55:37.514 [info] > git rev-parse --show-toplevel [1ms]
2026-01-01 14:55:38.462 [info] > git rev-parse --show-toplevel [1ms]
2026-01-01 14:55:38.872 [info] > git rev-parse --show-toplevel [1ms]
2026-01-01 14:55:39.256 [info] > git rev-parse --show-toplevel [1ms]
2026-01-01 14:55:39.744 [info] > git rev-parse --show-toplevel [1ms]
2026-01-01 14:55:40.302 [info] > git rev-parse --show-toplevel [1ms]
2026-01-01 14:55:40.898 [info] > git rev-parse --show-toplevel [1ms]
2026-01-01 14:55:41.905 [info] > git rev-parse --show-toplevel [1ms]
2026-01-01 14:55:42.533 [info] > git rev-parse --show-toplevel [1ms]
2026-01-01 14:56:05.234 [info] > git rev-parse --show-toplevel [1ms]
2026-01-01 14:56:18.504 [info] > git rev-parse --show-toplevel [1ms]
2026-01-01 14:56:26.031 [info] > git rev-parse --show-toplevel [1ms]
2026-01-01 14:56:26.408 [info] > git rev-parse --show-toplevel [1ms]
2026-01-01 14:56:41.556 [info] > git rev-parse --show-toplevel [1ms]
2026-01-01 14:56:42.100 [info] > git rev-parse --show-toplevel [1ms]
2026-01-01 14:56:43.401 [info] > git rev-parse --show-toplevel [1ms]
2026-01-01 15:01:48.363 [info] > git rev-parse --show-toplevel [1ms]
2026-01-01 15:01:49.554 [info] > git rev-parse --show-toplevel [1ms]
2026-01-01 15:01:50.516 [info] > git rev-parse --show-toplevel [0ms]
2026-01-01 15:02:02.339 [info] > git rev-parse --show-toplevel [1ms]
2026-01-01 15:02:03.700 [info] > git rev-parse --show-toplevel [1ms]
2026-01-01 15:22:41.954 [info] > git rev-parse --show-toplevel [1ms]
2026-01-01 15:22:43.939 [info] > git rev-parse --show-toplevel [1ms]
2026-01-01 15:22:44.965 [info] > git rev-parse --show-toplevel [0ms]
2026-01-01 15:27:30.390 [info] > git rev-parse --show-toplevel [1ms]
2026-01-01 16:16:38.413 [info] > git rev-parse --show-toplevel [1ms]
2026-01-01 16:16:42.536 [info] > git rev-parse --show-toplevel [1ms]
2026-01-01 16:17:03.671 [info] > git rev-parse --show-toplevel [1ms]
2026-01-01 19:31:30.142 [info] > git rev-parse --show-toplevel [1ms]
2026-01-01 20:26:35.782 [info] > git rev-parse --show-toplevel [1ms]
2026-01-01 20:26:35.782 [info] fatal: not a git repository (or any parent up to mount point /)
Stopping at filesystem boundary (GIT_DISCOVERY_ACROSS_FILESYSTEM not set).
2026-01-01 20:26:39.185 [info] > git rev-parse --show-toplevel [1ms]
2026-01-01 20:26:39.185 [info] fatal: not a git repository (or any parent up to mount point /)
Stopping at filesystem boundary (GIT_DISCOVERY_ACROSS_FILESYSTEM not set).
2026-01-01 20:26:39.188 [info] > git rev-parse --show-toplevel [1ms]
2026-01-01 20:26:39.188 [info] fatal: not a git repository (or any parent up to mount point /)
Stopping at filesystem boundary (GIT_DISCOVERY_ACROSS_FILESYSTEM not set).
2026-01-01 20:26:39.191 [info] > git rev-parse --show-toplevel [1ms]
2026-01-01 20:29:57.971 [info] > git rev-parse --show-toplevel [0ms]
2026-01-01 20:30:21.613 [info] > git rev-parse --show-toplevel [1ms]
2026-01-01 20:41:18.186 [info] > git rev-parse --show-toplevel [1ms]
