2026-01-01 14:19:25.756 [info] [main] Log level: Info
2026-01-01 14:19:25.756 [info] [main] Validating found git in: "git"
2026-01-01 14:19:25.756 [info] [main] Using git "2.52.0" from "git"
2026-01-01 14:19:25.756 [info] [Model][doInitialScan] Initial repository scan started
2026-01-01 14:19:25.756 [info] > git rev-parse --show-toplevel [5ms]
2026-01-01 14:19:25.756 [info] > git rev-parse --show-toplevel [1ms]
2026-01-01 14:19:25.756 [info] > git rev-parse --show-toplevel [1ms]
2026-01-01 14:19:25.756 [info] [Model][doInitialScan] Initial repository scan completed - repositories (0), closed repositories (0), parent repositories (1), unsafe repositories (0)
2026-01-01 14:19:27.599 [info] > git rev-parse --show-toplevel [2ms]
2026-01-01 14:19:45.572 [info] > git rev-parse --show-toplevel [1ms]
2026-01-01 14:24:05.754 [info] > git rev-parse --show-toplevel [1ms]
2026-01-01 14:24:06.876 [info] > git rev-parse --show-toplevel [1ms]
2026-01-01 14:24:11.946 [info] > git rev-parse --show-toplevel [1ms]
2026-01-01 14:24:12.764 [info] > git rev-parse --show-toplevel [1ms]
2026-01-01 14:24:15.611 [info] > git rev-parse --show-toplevel [1ms]
2026-01-01 14:28:37.883 [info] > git rev-parse --show-toplevel [1ms]
2026-01-01 14:28:47.801 [info] > git rev-parse --show-toplevel [1ms]
2026-01-01 14:29:06.271 [info] > git rev-parse --show-toplevel [1ms]
2026-01-01 14:29:07.512 [info] > git rev-parse --show-toplevel [0ms]
2026-01-01 14:29:12.582 [info] > git rev-parse --show-toplevel [1ms]
