2025-12-31 18:25:31.573 [info] [main] Log level: Info
2025-12-31 18:25:31.573 [info] [main] Validating found git in: "git"
2025-12-31 18:25:31.573 [info] [main] Using git "2.52.0" from "git"
2025-12-31 18:25:31.573 [info] [Model][doInitialScan] Initial repository scan started
2025-12-31 18:25:31.573 [info] > git rev-parse --show-toplevel [1ms]
2025-12-31 18:25:31.573 [info] > git rev-parse --show-toplevel [1ms]
2025-12-31 18:25:31.573 [info] > git rev-parse --show-toplevel [0ms]
2025-12-31 18:25:31.573 [info] [Model][doInitialScan] Initial repository scan completed - repositories (0), closed repositories (0), parent repositories (1), unsafe repositories (0)
2025-12-31 18:25:31.622 [info] > git rev-parse --show-toplevel [1ms]
2025-12-31 18:25:33.616 [info] > git rev-parse --show-toplevel [0ms]
2025-12-31 18:26:11.839 [info] > git rev-parse --show-toplevel [0ms]
2025-12-31 18:26:22.513 [info] > git rev-parse --show-toplevel [1ms]
2025-12-31 18:45:10.889 [info] > git rev-parse --show-toplevel [1ms]
2025-12-31 18:47:39.349 [info] > git rev-parse --show-toplevel [1ms]
2025-12-31 18:48:02.148 [info] > git rev-parse --show-toplevel [1ms]
2025-12-31 18:48:05.773 [info] > git rev-parse --show-toplevel [1ms]
2025-12-31 18:48:11.196 [info] > git rev-parse --show-toplevel [1ms]
2025-12-31 18:48:16.316 [info] > git rev-parse --show-toplevel [1ms]
2025-12-31 18:48:44.717 [info] > git rev-parse --show-toplevel [1ms]
2025-12-31 18:48:45.360 [info] > git rev-parse --show-toplevel [1ms]
2025-12-31 18:48:54.425 [info] > git rev-parse --show-toplevel [1ms]
2025-12-31 18:49:06.873 [info] > git rev-parse --show-toplevel [1ms]
2025-12-31 18:49:15.091 [info] > git rev-parse --show-toplevel [1ms]
2025-12-31 18:49:15.893 [info] > git rev-parse --show-toplevel [0ms]
2025-12-31 18:49:17.266 [info] > git rev-parse --show-toplevel [1ms]
2025-12-31 18:49:17.269 [info] > git rev-parse --show-toplevel [1ms]
2025-12-31 18:49:17.272 [info] > git rev-parse --show-toplevel [1ms]
2025-12-31 18:53:58.119 [info] > git rev-parse --show-toplevel [0ms]
2025-12-31 18:53:58.126 [info] > git rev-parse --show-toplevel [1ms]
2025-12-31 18:53:58.128 [info] > git rev-parse --show-toplevel [0ms]
2025-12-31 18:55:30.555 [info] > git rev-parse --show-toplevel [0ms]
2025-12-31 18:55:30.560 [info] > git rev-parse --show-toplevel [0ms]
2025-12-31 18:55:30.563 [info] > git rev-parse --show-toplevel [1ms]
2025-12-31 18:55:59.286 [info] > git rev-parse --show-toplevel [1ms]
2025-12-31 18:55:59.290 [info] > git rev-parse --show-toplevel [0ms]
2025-12-31 18:55:59.293 [info] > git rev-parse --show-toplevel [1ms]
2025-12-31 18:56:04.338 [info] > git rev-parse --show-toplevel [1ms]
2025-12-31 18:56:04.342 [info] > git rev-parse --show-toplevel [1ms]
2025-12-31 18:56:04.345 [info] > git rev-parse --show-toplevel [1ms]
2025-12-31 18:56:08.083 [info] > git rev-parse --show-toplevel [1ms]
2025-12-31 18:56:08.087 [info] > git rev-parse --show-toplevel [1ms]
2025-12-31 18:56:08.090 [info] > git rev-parse --show-toplevel [1ms]
2025-12-31 18:56:10.644 [info] > git rev-parse --show-toplevel [1ms]
2025-12-31 18:56:10.648 [info] > git rev-parse --show-toplevel [0ms]
2025-12-31 18:56:10.651 [info] > git rev-parse --show-toplevel [1ms]
2025-12-31 18:56:19.351 [info] > git rev-parse --show-toplevel [1ms]
2025-12-31 18:56:19.356 [info] > git rev-parse --show-toplevel [1ms]
2025-12-31 18:56:19.358 [info] > git rev-parse --show-toplevel [0ms]
2025-12-31 18:56:20.460 [info] > git rev-parse --show-toplevel [1ms]
2025-12-31 18:56:20.464 [info] > git rev-parse --show-toplevel [1ms]
2025-12-31 18:56:20.467 [info] > git rev-parse --show-toplevel [1ms]
2025-12-31 18:56:23.781 [info] > git rev-parse --show-toplevel [1ms]
2025-12-31 18:56:23.785 [info] > git rev-parse --show-toplevel [0ms]
2025-12-31 18:56:23.788 [info] > git rev-parse --show-toplevel [1ms]
2025-12-31 18:56:26.373 [info] > git rev-parse --show-toplevel [1ms]
2025-12-31 18:56:26.377 [info] > git rev-parse --show-toplevel [1ms]
2025-12-31 18:56:26.380 [info] > git rev-parse --show-toplevel [1ms]
2025-12-31 18:56:28.655 [info] > git rev-parse --show-toplevel [1ms]
2025-12-31 18:56:28.659 [info] > git rev-parse --show-toplevel [1ms]
2025-12-31 18:56:28.662 [info] > git rev-parse --show-toplevel [1ms]
2025-12-31 18:56:41.197 [info] > git rev-parse --show-toplevel [1ms]
2025-12-31 18:56:41.202 [info] > git rev-parse --show-toplevel [1ms]
2025-12-31 18:56:41.205 [info] > git rev-parse --show-toplevel [1ms]
2025-12-31 18:56:47.167 [info] > git rev-parse --show-toplevel [1ms]
2025-12-31 18:56:47.172 [info] > git rev-parse --show-toplevel [1ms]
2025-12-31 18:56:47.174 [info] > git rev-parse --show-toplevel [0ms]
2025-12-31 18:58:47.442 [info] > git rev-parse --show-toplevel [1ms]
2025-12-31 18:58:47.446 [info] > git rev-parse --show-toplevel [1ms]
2025-12-31 18:58:47.449 [info] > git rev-parse --show-toplevel [1ms]
2025-12-31 18:58:49.042 [info] > git rev-parse --show-toplevel [1ms]
2025-12-31 18:58:49.047 [info] > git rev-parse --show-toplevel [1ms]
2025-12-31 18:58:49.049 [info] > git rev-parse --show-toplevel [0ms]
2025-12-31 18:58:57.228 [info] > git rev-parse --show-toplevel [1ms]
2025-12-31 18:58:57.232 [info] > git rev-parse --show-toplevel [1ms]
2025-12-31 18:58:57.235 [info] > git rev-parse --show-toplevel [1ms]
2025-12-31 18:58:57.954 [info] > git rev-parse --show-toplevel [1ms]
2025-12-31 18:58:57.958 [info] > git rev-parse --show-toplevel [1ms]
2025-12-31 18:58:57.961 [info] > git rev-parse --show-toplevel [1ms]
2025-12-31 18:59:34.092 [info] > git rev-parse --show-toplevel [0ms]
2025-12-31 18:59:34.096 [info] > git rev-parse --show-toplevel [0ms]
2025-12-31 18:59:34.099 [info] > git rev-parse --show-toplevel [1ms]
2025-12-31 18:59:39.353 [info] > git rev-parse --show-toplevel [1ms]
2025-12-31 18:59:39.359 [info] > git rev-parse --show-toplevel [1ms]
2025-12-31 18:59:39.362 [info] > git rev-parse --show-toplevel [1ms]
2025-12-31 19:00:25.773 [info] > git rev-parse --show-toplevel [0ms]
2025-12-31 19:00:25.786 [info] > git rev-parse --show-toplevel [1ms]
2025-12-31 19:00:25.789 [info] > git rev-parse --show-toplevel [1ms]
2025-12-31 19:00:34.500 [info] > git rev-parse --show-toplevel [1ms]
2025-12-31 19:00:34.507 [info] > git rev-parse --show-toplevel [0ms]
2025-12-31 19:00:34.510 [info] > git rev-parse --show-toplevel [0ms]
2025-12-31 19:00:35.374 [info] > git rev-parse --show-toplevel [1ms]
2025-12-31 19:00:35.384 [info] > git rev-parse --show-toplevel [1ms]
2025-12-31 19:00:35.387 [info] > git rev-parse --show-toplevel [1ms]
2025-12-31 19:00:37.087 [info] > git rev-parse --show-toplevel [1ms]
2025-12-31 19:00:37.097 [info] > git rev-parse --show-toplevel [1ms]
2025-12-31 19:00:37.099 [info] > git rev-parse --show-toplevel [0ms]
2025-12-31 19:00:40.715 [info] > git rev-parse --show-toplevel [1ms]
2025-12-31 19:00:40.721 [info] > git rev-parse --show-toplevel [1ms]
2025-12-31 19:00:40.724 [info] > git rev-parse --show-toplevel [1ms]
2025-12-31 19:01:25.192 [info] > git rev-parse --show-toplevel [1ms]
2025-12-31 19:01:25.197 [info] > git rev-parse --show-toplevel [1ms]
2025-12-31 19:01:25.200 [info] > git rev-parse --show-toplevel [1ms]
2025-12-31 19:01:33.208 [info] > git rev-parse --show-toplevel [1ms]
2025-12-31 19:01:33.210 [info] > git rev-parse --show-toplevel [0ms]
2025-12-31 19:01:33.213 [info] > git rev-parse --show-toplevel [1ms]
2025-12-31 19:01:42.043 [info] > git rev-parse --show-toplevel [0ms]
2025-12-31 19:01:42.052 [info] > git rev-parse --show-toplevel [0ms]
2025-12-31 19:01:42.055 [info] > git rev-parse --show-toplevel [1ms]
2025-12-31 19:01:46.964 [info] > git rev-parse --show-toplevel [0ms]
2025-12-31 19:01:46.969 [info] > git rev-parse --show-toplevel [1ms]
2025-12-31 19:01:46.972 [info] > git rev-parse --show-toplevel [1ms]
2025-12-31 19:01:49.727 [info] > git rev-parse --show-toplevel [1ms]
2025-12-31 19:01:49.731 [info] > git rev-parse --show-toplevel [1ms]
2025-12-31 19:01:49.734 [info] > git rev-parse --show-toplevel [1ms]
2025-12-31 19:01:51.580 [info] > git rev-parse --show-toplevel [1ms]
2025-12-31 19:02:52.281 [info] > git rev-parse --show-toplevel [0ms]
2025-12-31 19:03:01.967 [info] > git rev-parse --show-toplevel [1ms]
2025-12-31 19:03:07.442 [info] > git rev-parse --show-toplevel [1ms]
2025-12-31 19:03:28.390 [info] > git rev-parse --show-toplevel [0ms]
2025-12-31 19:03:30.115 [info] > git rev-parse --show-toplevel [0ms]
2025-12-31 19:03:33.884 [info] > git rev-parse --show-toplevel [1ms]
2025-12-31 19:03:46.574 [info] > git rev-parse --show-toplevel [1ms]
2025-12-31 19:03:54.923 [info] > git rev-parse --show-toplevel [1ms]
2025-12-31 19:03:55.994 [info] > git rev-parse --show-toplevel [1ms]
2025-12-31 19:03:57.062 [info] > git rev-parse --show-toplevel [1ms]
2025-12-31 19:03:58.520 [info] > git rev-parse --show-toplevel [1ms]
2025-12-31 19:04:04.794 [info] > git rev-parse --show-toplevel [0ms]
2025-12-31 19:04:06.925 [info] > git rev-parse --show-toplevel [1ms]
2025-12-31 19:04:08.142 [info] > git rev-parse --show-toplevel [1ms]
2025-12-31 19:04:12.909 [info] > git rev-parse --show-toplevel [1ms]
2025-12-31 19:04:14.499 [info] > git rev-parse --show-toplevel [1ms]
2025-12-31 19:04:16.056 [info] > git rev-parse --show-toplevel [1ms]
2025-12-31 19:04:20.487 [info] > git rev-parse --show-toplevel [1ms]
2025-12-31 19:04:21.185 [info] > git rev-parse --show-toplevel [1ms]
2025-12-31 19:04:22.091 [info] > git rev-parse --show-toplevel [0ms]
2025-12-31 19:04:24.199 [info] > git rev-parse --show-toplevel [1ms]
2025-12-31 19:04:27.255 [info] > git rev-parse --show-toplevel [1ms]
2025-12-31 19:05:13.556 [info] > git rev-parse --show-toplevel [0ms]
2025-12-31 19:05:30.061 [info] > git rev-parse --show-toplevel [0ms]
2025-12-31 19:05:44.659 [info] > git rev-parse --show-toplevel [1ms]
2025-12-31 19:05:45.133 [info] > git rev-parse --show-toplevel [1ms]
2025-12-31 19:06:57.225 [info] > git rev-parse --show-toplevel [1ms]
2025-12-31 19:08:10.787 [info] > git rev-parse --show-toplevel [1ms]
2025-12-31 19:08:13.384 [info] > git rev-parse --show-toplevel [0ms]
2025-12-31 19:08:16.395 [info] > git rev-parse --show-toplevel [1ms]
2025-12-31 19:08:17.090 [info] > git rev-parse --show-toplevel [0ms]
2025-12-31 19:08:33.166 [info] > git rev-parse --show-toplevel [1ms]
2025-12-31 19:08:33.464 [info] > git rev-parse --show-toplevel [1ms]
2025-12-31 19:09:05.351 [info] > git rev-parse --show-toplevel [0ms]
2025-12-31 19:09:09.007 [info] > git rev-parse --show-toplevel [1ms]
2025-12-31 19:09:15.470 [info] > git rev-parse --show-toplevel [0ms]
2025-12-31 19:09:16.205 [info] > git rev-parse --show-toplevel [1ms]
2025-12-31 19:09:20.408 [info] > git rev-parse --show-toplevel [1ms]
2025-12-31 19:09:20.895 [info] > git rev-parse --show-toplevel [1ms]
2025-12-31 19:09:30.021 [info] > git rev-parse --show-toplevel [1ms]
2025-12-31 19:09:30.612 [info] > git rev-parse --show-toplevel [1ms]
2025-12-31 19:15:42.643 [info] > git rev-parse --show-toplevel [1ms]
2025-12-31 19:16:24.946 [info] > git rev-parse --show-toplevel [1ms]
2025-12-31 19:17:11.089 [info] > git rev-parse --show-toplevel [1ms]
2025-12-31 19:22:50.930 [info] > git rev-parse --show-toplevel [1ms]
2025-12-31 19:24:45.935 [info] > git rev-parse --show-toplevel [1ms]
2025-12-31 19:24:54.664 [info] > git rev-parse --show-toplevel [1ms]
2025-12-31 19:25:15.680 [info] > git rev-parse --show-toplevel [1ms]
2025-12-31 19:25:20.171 [info] > git rev-parse --show-toplevel [1ms]
2025-12-31 19:25:20.864 [info] > git rev-parse --show-toplevel [1ms]
2025-12-31 19:25:23.437 [info] > git rev-parse --show-toplevel [1ms]
2025-12-31 19:25:24.135 [info] > git rev-parse --show-toplevel [1ms]
2025-12-31 19:25:52.670 [info] > git rev-parse --show-toplevel [1ms]
2025-12-31 19:25:55.328 [info] > git rev-parse --show-toplevel [0ms]
2025-12-31 19:26:05.035 [info] > git rev-parse --show-toplevel [1ms]
2025-12-31 19:26:10.672 [info] > git rev-parse --show-toplevel [1ms]
2025-12-31 19:26:11.562 [info] > git rev-parse --show-toplevel [1ms]
2025-12-31 19:26:16.212 [info] > git rev-parse --show-toplevel [1ms]
2025-12-31 19:26:59.321 [info] > git rev-parse --show-toplevel [1ms]
2025-12-31 19:27:01.377 [info] > git rev-parse --show-toplevel [1ms]
2025-12-31 19:27:05.507 [info] > git rev-parse --show-toplevel [1ms]
2025-12-31 19:28:32.303 [info] > git rev-parse --show-toplevel [1ms]
2025-12-31 19:28:33.951 [info] > git rev-parse --show-toplevel [1ms]
2025-12-31 19:28:37.484 [info] > git rev-parse --show-toplevel [1ms]
2025-12-31 19:28:39.795 [info] > git rev-parse --show-toplevel [1ms]
2025-12-31 19:28:42.815 [info] > git rev-parse --show-toplevel [0ms]
2025-12-31 19:29:24.081 [info] > git rev-parse --show-toplevel [1ms]
2025-12-31 19:30:35.369 [info] > git rev-parse --show-toplevel [1ms]
2025-12-31 19:30:37.853 [info] > git rev-parse --show-toplevel [0ms]
2025-12-31 19:30:44.063 [info] > git rev-parse --show-toplevel [1ms]
2025-12-31 19:30:44.535 [info] > git rev-parse --show-toplevel [1ms]
2025-12-31 19:30:45.219 [info] > git rev-parse --show-toplevel [0ms]
2025-12-31 19:30:45.711 [info] > git rev-parse --show-toplevel [1ms]
2025-12-31 19:31:57.193 [info] > git rev-parse --show-toplevel [1ms]
2025-12-31 19:32:44.246 [info] > git rev-parse --show-toplevel [1ms]
2025-12-31 19:35:03.461 [info] > git rev-parse --show-toplevel [1ms]
2025-12-31 19:35:56.091 [info] > git rev-parse --show-toplevel [1ms]
2025-12-31 19:39:36.929 [info] > git rev-parse --show-toplevel [1ms]
2025-12-31 19:39:40.181 [info] > git rev-parse --show-toplevel [1ms]
2025-12-31 19:42:09.616 [info] > git rev-parse --show-toplevel [1ms]
2025-12-31 19:42:10.661 [info] > git rev-parse --show-toplevel [1ms]
2025-12-31 19:53:04.833 [info] > git rev-parse --show-toplevel [0ms]
2025-12-31 19:53:55.928 [info] > git rev-parse --show-toplevel [1ms]
2025-12-31 19:55:17.383 [info] > git rev-parse --show-toplevel [1ms]
2025-12-31 19:55:26.142 [info] > git rev-parse --show-toplevel [1ms]
2025-12-31 19:55:49.186 [info] > git rev-parse --show-toplevel [1ms]
2025-12-31 19:55:50.058 [info] > git rev-parse --show-toplevel [1ms]
2025-12-31 19:55:50.697 [info] > git rev-parse --show-toplevel [1ms]
2025-12-31 19:55:52.113 [info] > git rev-parse --show-toplevel [1ms]
2025-12-31 19:55:55.414 [info] > git rev-parse --show-toplevel [0ms]
2025-12-31 19:55:57.262 [info] > git rev-parse --show-toplevel [1ms]
2025-12-31 20:04:07.639 [info] > git rev-parse --show-toplevel [1ms]
