2026-01-01 16:17:07.029 [info] [main] Log level: Info
2026-01-01 16:17:07.029 [info] [main] Validating found git in: "git"
2026-01-01 16:17:07.029 [info] [main] Using git "2.52.0" from "git"
2026-01-01 16:17:07.029 [info] [Model][doInitialScan] Initial repository scan started
2026-01-01 16:17:07.029 [info] > git rev-parse --show-toplevel [2ms]
2026-01-01 16:17:07.029 [info] fatal: not a git repository (or any parent up to mount point /)
Stopping at filesystem boundary (GIT_DISCOVERY_ACROSS_FILESYSTEM not set).
2026-01-01 16:17:07.029 [info] [Model][doInitialScan] Initial repository scan completed - repositories (0), closed repositories (0), parent repositories (0), unsafe repositories (0)
2026-01-01 16:17:08.646 [info] > git rev-parse --show-toplevel [1ms]
2026-01-01 16:17:08.646 [info] fatal: not a git repository (or any parent up to mount point /)
Stopping at filesystem boundary (GIT_DISCOVERY_ACROSS_FILESYSTEM not set).
2026-01-01 16:17:09.441 [info] > git rev-parse --show-toplevel [2ms]
2026-01-01 16:17:09.441 [info] fatal: not a git repository (or any parent up to mount point /)
Stopping at filesystem boundary (GIT_DISCOVERY_ACROSS_FILESYSTEM not set).
2026-01-01 16:17:10.725 [info] > git rev-parse --show-toplevel [1ms]
2026-01-01 16:17:10.725 [info] fatal: not a git repository (or any parent up to mount point /)
Stopping at filesystem boundary (GIT_DISCOVERY_ACROSS_FILESYSTEM not set).
2026-01-01 16:17:11.632 [info] > git rev-parse --show-toplevel [1ms]
2026-01-01 16:17:11.632 [info] fatal: not a git repository (or any parent up to mount point /)
Stopping at filesystem boundary (GIT_DISCOVERY_ACROSS_FILESYSTEM not set).
2026-01-01 16:17:16.443 [info] > git rev-parse --show-toplevel [1ms]
2026-01-01 16:17:16.443 [info] fatal: not a git repository (or any parent up to mount point /)
Stopping at filesystem boundary (GIT_DISCOVERY_ACROSS_FILESYSTEM not set).
2026-01-01 16:17:20.347 [info] > git rev-parse --show-toplevel [1ms]
2026-01-01 16:17:20.347 [info] fatal: not a git repository (or any parent up to mount point /)
Stopping at filesystem boundary (GIT_DISCOVERY_ACROSS_FILESYSTEM not set).
2026-01-01 16:17:21.057 [info] > git rev-parse --show-toplevel [1ms]
2026-01-01 16:17:21.057 [info] fatal: not a git repository (or any parent up to mount point /)
Stopping at filesystem boundary (GIT_DISCOVERY_ACROSS_FILESYSTEM not set).
2026-01-01 16:29:49.145 [info] > git rev-parse --show-toplevel [1ms]
2026-01-01 16:29:49.145 [info] fatal: not a git repository (or any parent up to mount point /)
Stopping at filesystem boundary (GIT_DISCOVERY_ACROSS_FILESYSTEM not set).
2026-01-01 16:30:28.755 [info] > git rev-parse --show-toplevel [1ms]
2026-01-01 16:30:28.755 [info] fatal: not a git repository (or any parent up to mount point /)
Stopping at filesystem boundary (GIT_DISCOVERY_ACROSS_FILESYSTEM not set).
2026-01-01 19:31:24.626 [info] > git rev-parse --show-toplevel [1ms]
2026-01-01 19:31:29.995 [info] > git rev-parse --show-toplevel [15ms]
2026-01-01 19:31:29.995 [info] fatal: not a git repository (or any parent up to mount point /)
Stopping at filesystem boundary (GIT_DISCOVERY_ACROSS_FILESYSTEM not set).
2026-01-01 20:29:57.975 [info] > git rev-parse --show-toplevel [1ms]
2026-01-01 20:29:57.975 [info] fatal: not a git repository (or any parent up to mount point /)
Stopping at filesystem boundary (GIT_DISCOVERY_ACROSS_FILESYSTEM not set).
2026-01-01 20:30:21.614 [info] > git rev-parse --show-toplevel [0ms]
2026-01-01 20:30:21.614 [info] fatal: not a git repository (or any parent up to mount point /)
Stopping at filesystem boundary (GIT_DISCOVERY_ACROSS_FILESYSTEM not set).
